Checking whether the C compiler is IAR using "" did not match "IAR .+ Compiler":
/home/neochrom3book/android-ndk-r26b/toolchains/llvm/prebuilt/linux-x86_64/bin/clang: 1: Syntax error: Unterminated quoted string
Checking whether the C compiler is IAR using "" did not match "IAR .+ Compiler":
/home/neochrom3book/android-ndk-r26b/toolchains/llvm/prebuilt/linux-x86_64/bin/clang: 1: Syntax error: Unterminated quoted string
Checking whether the CXX compiler is IAR using "" did not match "IAR .+ Compiler":
/home/neochrom3book/android-ndk-r26b/toolchains/llvm/prebuilt/linux-x86_64/bin/clang++: 1: Syntax error: Unterminated quoted string
Checking whether the CXX compiler is IAR using "" did not match "IAR .+ Compiler":
/home/neochrom3book/android-ndk-r26b/toolchains/llvm/prebuilt/linux-x86_64/bin/clang++: 1: Syntax error: Unterminated quoted string
Detecting C compiler ABI info failed to compile with the following output:
Change Dir: /home/neochrom3book/QuickEditButtons/build-android/CMakeFiles/CMakeScratch/TryCompile-GjeVcb

Run Build Command(s):/usr/bin/ninja cmTC_6855a && [1/2] Building C object CMakeFiles/cmTC_6855a.dir/CMakeCCompilerABI.c.o
FAILED: CMakeFiles/cmTC_6855a.dir/CMakeCCompilerABI.c.o 
/home/neochrom3book/android-ndk-r26b/toolchains/llvm/prebuilt/linux-x86_64/bin/clang   -g -DANDROID -fdata-sections -ffunction-sections -funwind-tables -fstack-protector-strong -no-canonical-prefixes -D_FORTIFY_SOURCE=2 -Wformat -o CMakeFiles/cmTC_6855a.dir/CMakeCCompilerABI.c.o -c /usr/share/cmake-3.25/Modules/CMakeCCompilerABI.c
/bin/sh: 1: /home/neochrom3book/android-ndk-r26b/toolchains/llvm/prebuilt/linux-x86_64/bin/clang: Exec format error
ninja: build stopped: subcommand failed.




Determining if the C compiler works failed with the following output:
Change Dir: /home/neochrom3book/QuickEditButtons/build-android/CMakeFiles/CMakeScratch/TryCompile-mh2EHP

Run Build Command(s):/usr/bin/ninja cmTC_be276 && [1/2] Building C object CMakeFiles/cmTC_be276.dir/testCCompiler.c.o
FAILED: CMakeFiles/cmTC_be276.dir/testCCompiler.c.o 
/home/neochrom3book/android-ndk-r26b/toolchains/llvm/prebuilt/linux-x86_64/bin/clang   -g -DANDROID -fdata-sections -ffunction-sections -funwind-tables -fstack-protector-strong -no-canonical-prefixes -D_FORTIFY_SOURCE=2 -Wformat -Werror=format-security -o CMakeFiles/cmTC_be276.dir/testCCompiler.c.o -c /home/neochrom3book/QuickEditButtons/build-android/CMakeFiles/CMakeScratch/TryCompile-mh2EHP/testCCompiler.c
/bin/sh: 1: /home/neochrom3book/android-ndk-r26b/toolchains/llvm/prebuilt/linux-x86_64/bin/clang: Exec format error
ninja: build stopped: subcommand failed.



